2010/07/04 14:17:40 [error] [exception.CHttpException.404] exception 'CHttpException' with message 'Unable to resolve the request "user".' in D:\tianya_run\trunk\tianya_run3\framework\web\CWebApplication.php:324
Stack trace:
#0 D:\tianya_run\trunk\tianya_run3\framework\web\CWebApplication.php(120): CWebApplication->runController('user')
#1 D:\tianya_run\trunk\tianya_run3\framework\base\CApplication.php(135): CWebApplication->processRequest()
#2 D:\tianya_run\trunk\tianya_run3\read\index.php(12): CApplication->run()
#3 {main} REQUEST_URI=/index.php?r=user
2010/07/04 14:17:54 [error] [exception.CHttpException.404] exception 'CHttpException' with message 'Unable to resolve the request "User".' in D:\tianya_run\trunk\tianya_run3\framework\web\CWebApplication.php:324
Stack trace:
#0 D:\tianya_run\trunk\tianya_run3\framework\web\CWebApplication.php(120): CWebApplication->runController('User')
#1 D:\tianya_run\trunk\tianya_run3\framework\base\CApplication.php(135): CWebApplication->processRequest()
#2 D:\tianya_run\trunk\tianya_run3\read\index.php(12): CApplication->run()
#3 {main} REQUEST_URI=/index.php?r=User
2010/07/04 14:18:11 [error] [exception.CHttpException.404] exception 'CHttpException' with message 'Unable to resolve the request "User".' in D:\tianya_run\trunk\tianya_run3\framework\web\CWebApplication.php:324
Stack trace:
#0 D:\tianya_run\trunk\tianya_run3\framework\web\CWebApplication.php(120): CWebApplication->runController('User')
#1 D:\tianya_run\trunk\tianya_run3\framework\base\CApplication.php(135): CWebApplication->processRequest()
#2 D:\tianya_run\trunk\tianya_run3\read\index.php(12): CApplication->run()
#3 {main} REQUEST_URI=/index.php?r=User
2010/07/04 14:27:39 [error] [exception.CHttpException.404] exception 'CHttpException' with message 'Unable to resolve the request "user".' in D:\tianya_run\trunk\tianya_run3\framework\web\CWebApplication.php:324
Stack trace:
#0 D:\tianya_run\trunk\tianya_run3\framework\web\CWebApplication.php(120): CWebApplication->runController('user')
#1 D:\tianya_run\trunk\tianya_run3\framework\base\CApplication.php(135): CWebApplication->processRequest()
#2 D:\tianya_run\trunk\tianya_run3\read\index.php(12): CApplication->run()
#3 {main} REQUEST_URI=/index.php?r=user
2010/07/04 14:49:23 [error] [exception.CHttpException.403] exception 'CHttpException' with message 'You are not authorized to perform this action.' in D:\tianya_run\trunk\tianya_run3\framework\web\auth\CAccessControlFilter.php:153
Stack trace:
#0 D:\tianya_run\trunk\tianya_run3\framework\web\auth\CAccessControlFilter.php(115): CAccessControlFilter->accessDenied(Object(CWebUser), 'You are not aut...')
#1 D:\tianya_run\trunk\tianya_run3\framework\web\filters\CFilter.php(39): CAccessControlFilter->preFilter(Object(CFilterChain))
#2 D:\tianya_run\trunk\tianya_run3\framework\web\CController.php(999): CFilter->filter(Object(CFilterChain))
#3 D:\tianya_run\trunk\tianya_run3\framework\web\filters\CInlineFilter.php(59): CController->filterAccessControl(Object(CFilterChain))
#4 D:\tianya_run\trunk\tianya_run3\framework\web\filters\CFilterChain.php(126): CInlineFilter->filter(Object(CFilterChain))
#5 D:\tianya_run\trunk\tianya_run3\framework\web\CController.php(283): CFilterChain->run()
#6 D:\tianya_run\trunk\tianya_run3\framework\web\CController.php(257): CController->runActionWithFilters(Object(CInlineAction), Array)
#7 D:\tianya_run\trunk\tianya_run3\framework\web\CWebApplication.php(320): CController->run('admin')
#8 D:\tianya_run\trunk\tianya_run3\framework\web\CWebApplication.php(120): CWebApplication->runController('user/admin')
#9 D:\tianya_run\trunk\tianya_run3\framework\base\CApplication.php(135): CWebApplication->processRequest()
#10 D:\tianya_run\trunk\tianya_run3\read\index.php(12): CApplication->run()
#11 {main} REQUEST_URI=/index.php?r=user/admin
2010/07/04 14:49:43 [error] [exception.CHttpException.403] exception 'CHttpException' with message 'You are not authorized to perform this action.' in D:\tianya_run\trunk\tianya_run3\framework\web\auth\CAccessControlFilter.php:153
Stack trace:
#0 D:\tianya_run\trunk\tianya_run3\framework\web\auth\CAccessControlFilter.php(115): CAccessControlFilter->accessDenied(Object(CWebUser), 'You are not aut...')
#1 D:\tianya_run\trunk\tianya_run3\framework\web\filters\CFilter.php(39): CAccessControlFilter->preFilter(Object(CFilterChain))
#2 D:\tianya_run\trunk\tianya_run3\framework\web\CController.php(999): CFilter->filter(Object(CFilterChain))
#3 D:\tianya_run\trunk\tianya_run3\framework\web\filters\CInlineFilter.php(59): CController->filterAccessControl(Object(CFilterChain))
#4 D:\tianya_run\trunk\tianya_run3\framework\web\filters\CFilterChain.php(126): CInlineFilter->filter(Object(CFilterChain))
#5 D:\tianya_run\trunk\tianya_run3\framework\web\CController.php(283): CFilterChain->run()
#6 D:\tianya_run\trunk\tianya_run3\framework\web\CController.php(257): CController->runActionWithFilters(Object(CInlineAction), Array)
#7 D:\tianya_run\trunk\tianya_run3\framework\web\CWebApplication.php(320): CController->run('admin')
#8 D:\tianya_run\trunk\tianya_run3\framework\web\CWebApplication.php(120): CWebApplication->runController('user/admin')
#9 D:\tianya_run\trunk\tianya_run3\framework\base\CApplication.php(135): CWebApplication->processRequest()
#10 D:\tianya_run\trunk\tianya_run3\read\index.php(12): CApplication->run()
#11 {main} REQUEST_URI=/index.php?r=user/admin
2010/07/04 14:51:12 [error] [exception.CHttpException.403] exception 'CHttpException' with message 'You are not authorized to perform this action.' in D:\tianya_run\trunk\tianya_run3\framework\web\auth\CAccessControlFilter.php:153
Stack trace:
#0 D:\tianya_run\trunk\tianya_run3\framework\web\auth\CAccessControlFilter.php(115): CAccessControlFilter->accessDenied(Object(CWebUser), 'You are not aut...')
#1 D:\tianya_run\trunk\tianya_run3\framework\web\filters\CFilter.php(39): CAccessControlFilter->preFilter(Object(CFilterChain))
#2 D:\tianya_run\trunk\tianya_run3\framework\web\CController.php(999): CFilter->filter(Object(CFilterChain))
#3 D:\tianya_run\trunk\tianya_run3\framework\web\filters\CInlineFilter.php(59): CController->filterAccessControl(Object(CFilterChain))
#4 D:\tianya_run\trunk\tianya_run3\framework\web\filters\CFilterChain.php(126): CInlineFilter->filter(Object(CFilterChain))
#5 D:\tianya_run\trunk\tianya_run3\framework\web\CController.php(283): CFilterChain->run()
#6 D:\tianya_run\trunk\tianya_run3\framework\web\CController.php(257): CController->runActionWithFilters(Object(CInlineAction), Array)
#7 D:\tianya_run\trunk\tianya_run3\framework\web\CWebApplication.php(320): CController->run('admin')
#8 D:\tianya_run\trunk\tianya_run3\framework\web\CWebApplication.php(120): CWebApplication->runController('user/admin')
#9 D:\tianya_run\trunk\tianya_run3\framework\base\CApplication.php(135): CWebApplication->processRequest()
#10 D:\tianya_run\trunk\tianya_run3\read\index.php(12): CApplication->run()
#11 {main} REQUEST_URI=/index.php?r=user/admin
2010/07/07 06:59:05 [error] [exception.CHttpException.404] exception 'CHttpException' with message 'Unable to resolve the request "page".' in G:\build-web\trunk\tianya_run3\framework\web\CWebApplication.php:324
Stack trace:
#0 G:\build-web\trunk\tianya_run3\framework\web\CWebApplication.php(120): CWebApplication->runController('page')
#1 G:\build-web\trunk\tianya_run3\framework\base\CApplication.php(135): CWebApplication->processRequest()
#2 G:\build-web\trunk\tianya_run3\read\index.php(12): CApplication->run()
#3 {main} REQUEST_URI=/index.php?r=page
2010/07/08 07:18:45 [error] [exception.CHttpException.404] exception 'CHttpException' with message 'Unable to resolve the request "snoopy/fetch".' in G:\build-web\trunk\tianya_run3\framework\web\CWebApplication.php:324
Stack trace:
#0 G:\build-web\trunk\tianya_run3\framework\web\CWebApplication.php(120): CWebApplication->runController('snoopy/fetch')
#1 G:\build-web\trunk\tianya_run3\framework\base\CApplication.php(135): CWebApplication->processRequest()
#2 G:\build-web\trunk\tianya_run3\read\index.php(15): CApplication->run()
#3 {main} REQUEST_URI=/index.php?r=snoopy/fetch
2010/07/08 07:23:15 [error] [exception.CHttpException.404] exception 'CHttpException' with message 'The system is unable to find the requested action "fetch".' in G:\build-web\trunk\tianya_run3\framework\web\CController.php:439
Stack trace:
#0 G:\build-web\trunk\tianya_run3\framework\web\CController.php(262): CController->missingAction('fetch')
#1 G:\build-web\trunk\tianya_run3\framework\web\CWebApplication.php(320): CController->run('fetch')
#2 G:\build-web\trunk\tianya_run3\framework\web\CWebApplication.php(120): CWebApplication->runController('snoopy/fetch')
#3 G:\build-web\trunk\tianya_run3\framework\base\CApplication.php(135): CWebApplication->processRequest()
#4 G:\build-web\trunk\tianya_run3\read\index.php(15): CApplication->run()
#5 {main} REQUEST_URI=/index.php?r=snoopy/fetch
2010/07/08 07:39:06 [error] [exception.CException] exception 'CException' with message 'Property "CWebApplication.snoopy" is not defined.' in G:\build-web\trunk\tianya_run3\framework\base\CComponent.php:131
Stack trace:
#0 G:\build-web\trunk\tianya_run3\framework\base\CModule.php(88): CComponent->__get('snoopy')
#1 G:\build-web\trunk\tianya_run3\read\protected\controllers\SiteController.php(106): CModule->__get('snoopy')
#2 G:\build-web\trunk\tianya_run3\framework\web\actions\CInlineAction.php(32): SiteController->actionSnoopy()
#3 G:\build-web\trunk\tianya_run3\framework\web\CController.php(300): CInlineAction->run()
#4 G:\build-web\trunk\tianya_run3\framework\web\CController.php(278): CController->runAction(Object(CInlineAction))
#5 G:\build-web\trunk\tianya_run3\framework\web\CController.php(257): CController->runActionWithFilters(Object(CInlineAction), Array)
#6 G:\build-web\trunk\tianya_run3\framework\web\CWebApplication.php(320): CController->run('snoopy')
#7 G:\build-web\trunk\tianya_run3\framework\web\CWebApplication.php(120): CWebApplication->runController('site/snoopy')
#8 G:\build-web\trunk\tianya_run3\framework\base\CApplication.php(135): CWebApplication->processRequest()
#9 G:\build-web\trunk\tianya_run3\read\index.php(15): CApplication->run()
#10 {main} REQUEST_URI=/index.php?r=site/snoopy
2010/07/08 07:40:10 [error] [exception.CException] exception 'CException' with message 'Property "CWebApplication.snoopy" is not defined.' in G:\build-web\trunk\tianya_run3\framework\base\CComponent.php:131
Stack trace:
#0 G:\build-web\trunk\tianya_run3\framework\base\CModule.php(88): CComponent->__get('snoopy')
#1 G:\build-web\trunk\tianya_run3\read\protected\controllers\SiteController.php(106): CModule->__get('snoopy')
#2 G:\build-web\trunk\tianya_run3\framework\web\actions\CInlineAction.php(32): SiteController->actionSnoopy()
#3 G:\build-web\trunk\tianya_run3\framework\web\CController.php(300): CInlineAction->run()
#4 G:\build-web\trunk\tianya_run3\framework\web\CController.php(278): CController->runAction(Object(CInlineAction))
#5 G:\build-web\trunk\tianya_run3\framework\web\CController.php(257): CController->runActionWithFilters(Object(CInlineAction), Array)
#6 G:\build-web\trunk\tianya_run3\framework\web\CWebApplication.php(320): CController->run('snoopy')
#7 G:\build-web\trunk\tianya_run3\framework\web\CWebApplication.php(120): CWebApplication->runController('site/snoopy')
#8 G:\build-web\trunk\tianya_run3\framework\base\CApplication.php(135): CWebApplication->processRequest()
#9 G:\build-web\trunk\tianya_run3\read\index.php(15): CApplication->run()
#10 {main} REQUEST_URI=/index.php?r=site/snoopy
2010/07/08 07:41:39 [error] [exception.CException] exception 'CException' with message 'Property "CWebApplication.snoopy" is not defined.' in G:\build-web\trunk\tianya_run3\framework\base\CComponent.php:131
Stack trace:
#0 G:\build-web\trunk\tianya_run3\framework\base\CModule.php(88): CComponent->__get('snoopy')
#1 G:\build-web\trunk\tianya_run3\read\protected\controllers\SiteController.php(106): CModule->__get('snoopy')
#2 G:\build-web\trunk\tianya_run3\framework\web\actions\CInlineAction.php(32): SiteController->actionSnoopy()
#3 G:\build-web\trunk\tianya_run3\framework\web\CController.php(300): CInlineAction->run()
#4 G:\build-web\trunk\tianya_run3\framework\web\CController.php(278): CController->runAction(Object(CInlineAction))
#5 G:\build-web\trunk\tianya_run3\framework\web\CController.php(257): CController->runActionWithFilters(Object(CInlineAction), Array)
#6 G:\build-web\trunk\tianya_run3\framework\web\CWebApplication.php(320): CController->run('snoopy')
#7 G:\build-web\trunk\tianya_run3\framework\web\CWebApplication.php(120): CWebApplication->runController('site/snoopy')
#8 G:\build-web\trunk\tianya_run3\framework\base\CApplication.php(135): CWebApplication->processRequest()
#9 G:\build-web\trunk\tianya_run3\read\index.php(15): CApplication->run()
#10 {main} REQUEST_URI=/index.php?r=site/snoopy
2010/07/08 08:02:41 [error] [exception.CException] exception 'CException' with message 'Property "CWebApplication.snoopy" is not defined.' in G:\build-web\trunk\tianya_run3\framework\base\CComponent.php:131
Stack trace:
#0 G:\build-web\trunk\tianya_run3\framework\base\CModule.php(88): CComponent->__get('snoopy')
#1 G:\build-web\trunk\tianya_run3\read\protected\controllers\SiteController.php(107): CModule->__get('snoopy')
#2 G:\build-web\trunk\tianya_run3\framework\web\actions\CInlineAction.php(32): SiteController->actionSnoopy()
#3 G:\build-web\trunk\tianya_run3\framework\web\CController.php(300): CInlineAction->run()
#4 G:\build-web\trunk\tianya_run3\framework\web\CController.php(278): CController->runAction(Object(CInlineAction))
#5 G:\build-web\trunk\tianya_run3\framework\web\CController.php(257): CController->runActionWithFilters(Object(CInlineAction), Array)
#6 G:\build-web\trunk\tianya_run3\framework\web\CWebApplication.php(320): CController->run('snoopy')
#7 G:\build-web\trunk\tianya_run3\framework\web\CWebApplication.php(120): CWebApplication->runController('site/snoopy')
#8 G:\build-web\trunk\tianya_run3\framework\base\CApplication.php(135): CWebApplication->processRequest()
#9 G:\build-web\trunk\tianya_run3\read\index.php(15): CApplication->run()
#10 {main} REQUEST_URI=/index.php?r=site/snoopy
2010/07/08 08:03:45 [error] [exception.CException] exception 'CException' with message 'Property "CWebApplication.snoopy" is not defined.' in G:\build-web\trunk\tianya_run3\framework\base\CComponent.php:131
Stack trace:
#0 G:\build-web\trunk\tianya_run3\framework\base\CModule.php(88): CComponent->__get('snoopy')
#1 G:\build-web\trunk\tianya_run3\read\protected\controllers\SiteController.php(107): CModule->__get('snoopy')
#2 G:\build-web\trunk\tianya_run3\framework\web\actions\CInlineAction.php(32): SiteController->actionSnoopy()
#3 G:\build-web\trunk\tianya_run3\framework\web\CController.php(300): CInlineAction->run()
#4 G:\build-web\trunk\tianya_run3\framework\web\CController.php(278): CController->runAction(Object(CInlineAction))
#5 G:\build-web\trunk\tianya_run3\framework\web\CController.php(257): CController->runActionWithFilters(Object(CInlineAction), Array)
#6 G:\build-web\trunk\tianya_run3\framework\web\CWebApplication.php(320): CController->run('snoopy')
#7 G:\build-web\trunk\tianya_run3\framework\web\CWebApplication.php(120): CWebApplication->runController('site/snoopy')
#8 G:\build-web\trunk\tianya_run3\framework\base\CApplication.php(135): CWebApplication->processRequest()
#9 G:\build-web\trunk\tianya_run3\read\index.php(15): CApplication->run()
#10 {main} REQUEST_URI=/index.php?r=site/snoopy
